<?xml version="1.0" encoding="UTF-8"?><testsuite failures="6" name="cucumber.runtime.formatter.JUnitFormatter" skipped="0" tests="124" time="2368.05741">
<testcase classname="Login Action" name="Successful Login with Valid Credentials" time="10.31975">
<system-out><![CDATA[Given User is on Home Page..................................................passed
When User Navigate to LogIn Page............................................passed
And User enters Email and Password..........................................passed
Then Message displayed Login Successfully...................................passed
]]></system-out>
</testcase>
<testcase classname="Login Action" name="Successful LogOut" time="0.000412">
<failure message="java.lang.NullPointerException&#13;&#10;&#9;at stepDefinition.LoginSteps.user_LogOut_from_the_Application(LoginSteps.java:52)&#13;&#10;&#9;at ✽.When User LogOut from the Application(LogIn_Test.feature:10)&#13;&#10;"><![CDATA[When User LogOut from the Application.......................................failed
Then Message displayed LogOut Successfully..................................skipped

StackTrace:
java.lang.NullPointerException
	at stepDefinition.LoginSteps.user_LogOut_from_the_Application(LoginSteps.java:52)
	at ✽.When User LogOut from the Application(LogIn_Test.feature:10)
]]></failure>
</testcase>
<testcase classname="Parent Full Registration Action" name="When Parent Radio Button is clicked, it will redirect to Parent/Guardians Registration Form" time="13.542924">
<system-out><![CDATA[Given Access My Learning Coach..............................................passed
When Click Sign Up Menu.....................................................passed
When Click Parent RadioButton...............................................passed
Then Page should redirected to Parent Registration Form.....................passed
Then Quit Browser...........................................................passed
]]></system-out>
</testcase>
<testcase classname="Parent Full Registration Action" name="Guardian First Name Field is Required" time="23.909668">
<system-out><![CDATA[Given Access My Learning Coach..............................................passed
When Click Sign Up Menu.....................................................passed
When Click Parent RadioButton...............................................passed
When User click Join Now Button.............................................passed
Then PR: Error Message Guardian First Name is required is displayed.........passed
Then Quit Browser...........................................................passed
]]></system-out>
</testcase>
<testcase classname="Parent Full Registration Action" name="Guardian Last Name Field is Required" time="24.605687">
<system-out><![CDATA[Given Access My Learning Coach..............................................passed
When Click Sign Up Menu.....................................................passed
When Click Parent RadioButton...............................................passed
When User click Join Now Button.............................................passed
Then PR: Error Message Guardian Last Name is required is displayed..........passed
Then Quit Browser...........................................................passed
]]></system-out>
</testcase>
<testcase classname="Parent Full Registration Action" name="Guardian Birthdate Field is Required" time="19.530258">
<system-out><![CDATA[Given Access My Learning Coach..............................................passed
When Click Sign Up Menu.....................................................passed
When Click Parent RadioButton...............................................passed
When User click Join Now Button.............................................passed
Then PR: Error Message Invalid Birthdate is displayed.......................passed
Then Quit Browser...........................................................passed
]]></system-out>
</testcase>
<testcase classname="Parent Full Registration Action" name="Gender Field is Required" time="18.989672">
<system-out><![CDATA[Given Access My Learning Coach..............................................passed
When Click Sign Up Menu.....................................................passed
When Click Parent RadioButton...............................................passed
When User click Join Now Button.............................................passed
Then PR: Error Message Gender is required is displayed......................passed
Then Quit Browser...........................................................passed
]]></system-out>
</testcase>
<testcase classname="Parent Full Registration Action" name="Guardian Contact Number Field is Required" time="19.086033">
<system-out><![CDATA[Given Access My Learning Coach..............................................passed
When Click Sign Up Menu.....................................................passed
When Click Parent RadioButton...............................................passed
When User click Join Now Button.............................................passed
Then PR: Error Message Contact Number is required is displayed..............passed
Then Quit Browser...........................................................passed
]]></system-out>
</testcase>
<testcase classname="Parent Full Registration Action" name="Guardian Skype ID Field is Required" time="19.222698">
<system-out><![CDATA[Given Access My Learning Coach..............................................passed
When Click Sign Up Menu.....................................................passed
When Click Parent RadioButton...............................................passed
When User click Join Now Button.............................................passed
Then PR: Error Message Skype ID is required is displayed....................passed
Then Quit Browser...........................................................passed
]]></system-out>
</testcase>
<testcase classname="Parent Full Registration Action" name="Guardian Address Field is Required" time="18.96575">
<system-out><![CDATA[Given Access My Learning Coach..............................................passed
When Click Sign Up Menu.....................................................passed
When Click Parent RadioButton...............................................passed
When User click Join Now Button.............................................passed
Then PR: Error Message Address is required is displayed.....................passed
Then Quit Browser...........................................................passed
]]></system-out>
</testcase>
<testcase classname="Parent Full Registration Action" name="Guardian Country Field is Required" time="18.85664">
<system-out><![CDATA[Given Access My Learning Coach..............................................passed
When Click Sign Up Menu.....................................................passed
When Click Parent RadioButton...............................................passed
When User click Join Now Button.............................................passed
Then PR: Error Message Country is required is displayed.....................passed
Then Quit Browser...........................................................passed
]]></system-out>
</testcase>
<testcase classname="Parent Full Registration Action" name="Guardian Zip Code Field is Required" time="19.447083">
<system-out><![CDATA[Given Access My Learning Coach..............................................passed
When Click Sign Up Menu.....................................................passed
When Click Parent RadioButton...............................................passed
When User click Join Now Button.............................................passed
Then PR: Error Message ZIP Code is required is displayed....................passed
Then Quit Browser...........................................................passed
]]></system-out>
</testcase>
<testcase classname="Parent Full Registration Action" name="Guardian Email Field is Required" time="19.108154">
<system-out><![CDATA[Given Access My Learning Coach..............................................passed
When Click Sign Up Menu.....................................................passed
When Click Parent RadioButton...............................................passed
When User click Join Now Button.............................................passed
Then PR: Error Message Email is required is displayed.......................passed
Then Quit Browser...........................................................passed
]]></system-out>
</testcase>
<testcase classname="Parent Full Registration Action" name="Guardian Password Field is Required" time="19.451771">
<failure message="java.lang.Exception: Test Condition Failed&#13;&#10;&#9;at stepDefinition.RegistrationsSteps.error_message_gpassword_required(RegistrationsSteps.java:1249)&#13;&#10;&#9;at ✽.Then PR: Error Message Password is required is displayed(Parent_Registration.feature:95)&#13;&#10;"><![CDATA[Given Access My Learning Coach..............................................passed
When Click Sign Up Menu.....................................................passed
When Click Parent RadioButton...............................................passed
When User click Join Now Button.............................................passed
Then PR: Error Message Password is required is displayed....................failed
Then Quit Browser...........................................................skipped

StackTrace:
java.lang.Exception: Test Condition Failed
	at stepDefinition.RegistrationsSteps.error_message_gpassword_required(RegistrationsSteps.java:1249)
	at ✽.Then PR: Error Message Password is required is displayed(Parent_Registration.feature:95)
]]></failure>
</testcase>
<testcase classname="Parent Full Registration Action" name="Guardian Confirm Password Field is Required" time="18.820215">
<system-out><![CDATA[Given Access My Learning Coach..............................................passed
When Click Sign Up Menu.....................................................passed
When Click Parent RadioButton...............................................passed
When User click Join Now Button.............................................passed
Then PR: Error Message Password Confirmation is required is displayed.......passed
Then Quit Browser...........................................................passed
]]></system-out>
</testcase>
<testcase classname="Parent Full Registration Action" name="Student First Name Field is Required" time="24.177552">
<system-out><![CDATA[Given Access My Learning Coach..............................................passed
When Click Sign Up Menu.....................................................passed
When Click Parent RadioButton...............................................passed
When User click Join Now Button.............................................passed
Then PR: Error Message Student First Name is required is displayed..........passed
Then Quit Browser...........................................................passed
]]></system-out>
</testcase>
<testcase classname="Parent Full Registration Action" name="Student Last Name Field is Required" time="24.042281">
<system-out><![CDATA[Given Access My Learning Coach..............................................passed
When Click Sign Up Menu.....................................................passed
When Click Parent RadioButton...............................................passed
When User click Join Now Button.............................................passed
Then PR: Error Message Student Last Name is required is displayed...........passed
Then Quit Browser...........................................................passed
]]></system-out>
</testcase>
<testcase classname="Parent Full Registration Action" name="Student Birthdate Field is Required" time="19.564403">
<system-out><![CDATA[Given Access My Learning Coach..............................................passed
When Click Sign Up Menu.....................................................passed
When Click Parent RadioButton...............................................passed
When User click Join Now Button.............................................passed
Then PR: Error Message Invalid Student Birthdate is displayed...............passed
Then Quit Browser...........................................................passed
]]></system-out>
</testcase>
<testcase classname="Parent Full Registration Action" name="Student Gender Field is Required" time="18.96401">
<system-out><![CDATA[Given Access My Learning Coach..............................................passed
When Click Sign Up Menu.....................................................passed
When Click Parent RadioButton...............................................passed
When User click Join Now Button.............................................passed
Then PR: Error Message Student Gender is required is displayed..............passed
Then Quit Browser...........................................................passed
]]></system-out>
</testcase>
<testcase classname="Parent Full Registration Action" name="Student Level Field is Required" time="19.304632">
<system-out><![CDATA[Given Access My Learning Coach..............................................passed
When Click Sign Up Menu.....................................................passed
When Click Parent RadioButton...............................................passed
When User click Join Now Button.............................................passed
Then PR: Error Message Level is required is displayed.......................passed
Then Quit Browser...........................................................passed
]]></system-out>
</testcase>
<testcase classname="Parent Full Registration Action" name="Guardian First Name field only accept Alphabet Characters" time="19.492594">
<system-out><![CDATA[Given Access My Learning Coach..............................................passed
When Click Sign Up Menu.....................................................passed
When Click Parent RadioButton...............................................passed
When User input Guardian First Name with Special and Numeric Characters.....passed
When User click Join Now Button.............................................passed
Then PR: Error Message Guardian First Name is invalid.......................passed
Then Quit Browser...........................................................passed
]]></system-out>
</testcase>
<testcase classname="Parent Full Registration Action" name="Guardian Last Name field only accept Alphabet Characters" time="19.484497">
<system-out><![CDATA[Given Access My Learning Coach..............................................passed
When Click Sign Up Menu.....................................................passed
When Click Parent RadioButton...............................................passed
When User input Guardian Last Name with Special and Numeric Characters......passed
When User click Join Now Button.............................................passed
Then PR: Error Message Guardian Last Name is invalid........................passed
Then Quit Browser...........................................................passed
]]></system-out>
</testcase>
<testcase classname="Parent Full Registration Action" name="Guardian Birthdate Cannot be equal to the Current Date" time="20.389265">
<system-out><![CDATA[Given Access My Learning Coach..............................................passed
When Click Sign Up Menu.....................................................passed
When Click Parent RadioButton...............................................passed
When User select Guardian birthdate equal to the current date...............passed
When User click Join Now Button.............................................passed
Then PR: Guardian Birthdate Error Message is displayed......................passed
Then Quit Browser...........................................................passed
]]></system-out>
</testcase>
<testcase classname="Parent Full Registration Action" name="Guardian Birthdate Cannot be greater than the Current Date" time="20.611578">
<system-out><![CDATA[Given Access My Learning Coach..............................................passed
When Click Sign Up Menu.....................................................passed
When Click Parent RadioButton...............................................passed
When User select Guardian birthdate greater than the current date...........passed
When User click Join Now Button.............................................passed
Then PR: Guardian Birthdate Error Message is displayed......................passed
Then Quit Browser...........................................................passed
]]></system-out>
</testcase>
<testcase classname="Parent Full Registration Action" name="Non-Leap Year as Guardian Birhtdate" time="20.668578">
<system-out><![CDATA[Given Access My Learning Coach..............................................passed
When Click Sign Up Menu.....................................................passed
When Click Parent RadioButton...............................................passed
When User select a non leap year for guardian birthdate.....................passed
When User click Join Now Button.............................................passed
Then PR: Guardian Birthdate Validation Message is displayed.................passed
Then Quit Browser...........................................................passed
]]></system-out>
</testcase>
<testcase classname="Parent Full Registration Action" name="Guardian Mobile Number field only accept Numeric Characters" time="20.630954">
<system-out><![CDATA[Given Access My Learning Coach..............................................passed
When Click Sign Up Menu.....................................................passed
When Click Parent RadioButton...............................................passed
When PR: User input Latin or Special Characters as Mobile Number............passed
When User click Join Now Button.............................................passed
Then PR: Mobile Number Format Error Message is displayed....................passed
Then Quit Browser...........................................................passed
]]></system-out>
</testcase>
<testcase classname="Parent Full Registration Action" name="Guardian Email field only accept Valid Format" time="19.684929">
<system-out><![CDATA[Given Access My Learning Coach..............................................passed
When Click Sign Up Menu.....................................................passed
When Click Parent RadioButton...............................................passed
When User input Email Invalid Format........................................passed
When User click Join Now Button.............................................passed
Then PR: Email Format Error Message is displayed............................passed
Then Quit Browser...........................................................passed
]]></system-out>
</testcase>
<testcase classname="Parent Full Registration Action" name="Guardian Email is unique" time="19.883767">
<system-out><![CDATA[Given Access My Learning Coach..............................................passed
When Click Sign Up Menu.....................................................passed
When Click Parent RadioButton...............................................passed
When User input existing Guardian Email.....................................passed
When User click Join Now Button.............................................passed
Then PR: Existing Email Error Message is displayed..........................passed
Then Quit Browser...........................................................passed
]]></system-out>
</testcase>
<testcase classname="Parent Full Registration Action" name="Guardian Password and Confirm Password should be matched" time="19.756568">
<system-out><![CDATA[Given Access My Learning Coach..............................................passed
When Click Sign Up Menu.....................................................passed
When Click Parent RadioButton...............................................passed
When User input differenet Password and Confirm Password....................passed
When User click Join Now Button.............................................passed
Then PR: Password Unmatched Error Message is displayed......................passed
Then Quit Browser...........................................................passed
]]></system-out>
</testcase>
<testcase classname="Parent Full Registration Action" name="Guardian Password should contain alphanumeric and special character" time="20.056431">
<system-out><![CDATA[Given Access My Learning Coach..............................................passed
When Click Sign Up Menu.....................................................passed
When Click Parent RadioButton...............................................passed
When User input invalid password character..................................passed
When User click Join Now Button.............................................passed
Then PR: Invalid Password Error Message is displayed........................passed
Then Quit Browser...........................................................passed
]]></system-out>
</testcase>
<testcase classname="Parent Full Registration Action" name="Guardian Password must be 8-20 characters" time="20.329642">
<system-out><![CDATA[Given Access My Learning Coach..............................................passed
When Click Sign Up Menu.....................................................passed
When Click Parent RadioButton...............................................passed
When User input less than 8 character Password..............................passed
When User click Join Now Button.............................................passed
Then PR: Password Length Error Message is displayed.........................passed
Then Quit Browser...........................................................passed
]]></system-out>
</testcase>
<testcase classname="Parent Full Registration Action" name="Student First Name field only accept Alphabet Characters" time="20.218534">
<system-out><![CDATA[Given Access My Learning Coach..............................................passed
When Click Sign Up Menu.....................................................passed
When Click Parent RadioButton...............................................passed
When User input First Name Special and Numeric Characters...................passed
When User click Join Now Button.............................................passed
Then PR: Student FirstName Error Message Invalid Name is displayed..........passed
Then Quit Browser...........................................................passed
]]></system-out>
</testcase>
<testcase classname="Parent Full Registration Action" name="Student Last Name field only accept Alphabet Characters" time="19.824247">
<system-out><![CDATA[Given Access My Learning Coach..............................................passed
When Click Sign Up Menu.....................................................passed
When Click Parent RadioButton...............................................passed
When User input Last Name Special and Numeric Characters....................passed
When User click Join Now Button.............................................passed
Then PR: Student LastName Error Message Invalid Name is displayed...........passed
Then Quit Browser...........................................................passed
]]></system-out>
</testcase>
<testcase classname="Parent Full Registration Action" name="Student Birthdate Cannot be equal to the Current Date" time="20.772534">
<system-out><![CDATA[Given Access My Learning Coach..............................................passed
When Click Sign Up Menu.....................................................passed
When Click Parent RadioButton...............................................passed
When User select birthdate equal to the current date........................passed
When User click Join Now Button.............................................passed
Then PR: Student Birthdate Error Message is displayed.......................passed
Then Quit Browser...........................................................passed
]]></system-out>
</testcase>
<testcase classname="Parent Full Registration Action" name="Student Birthdate Cannot be greater than the Current Date" time="20.176361">
<system-out><![CDATA[Given Access My Learning Coach..............................................passed
When Click Sign Up Menu.....................................................passed
When Click Parent RadioButton...............................................passed
When User select birthdate greater than the current date....................passed
When User click Join Now Button.............................................passed
Then PR: Student Birthdate Error Message is displayed.......................passed
Then Quit Browser...........................................................passed
]]></system-out>
</testcase>
<testcase classname="Parent Full Registration Action" name="Non-Leap Year as Student Birhtdate" time="20.336032">
<system-out><![CDATA[Given Access My Learning Coach..............................................passed
When Click Sign Up Menu.....................................................passed
When Click Parent RadioButton...............................................passed
When User select a non leap year birthdate..................................passed
When User click Join Now Button.............................................passed
Then PR: Birthdate Validation Message is displayed..........................passed
Then Quit Browser...........................................................passed
]]></system-out>
</testcase>
<testcase classname="Parent Full Registration Action" name="Successful Parent Registration" time="27.438506">
<system-out><![CDATA[Given Access My Learning Coach..............................................passed
When Click Sign Up Menu.....................................................passed
When Click Parent RadioButton...............................................passed
When Input all Valid Guardian Information...................................passed
When User click Join Now Button.............................................passed
Then Page will redirect to Thank You page...................................passed
Then Quit Browser...........................................................passed
]]></system-out>
</testcase>
<testcase classname="Quick Registration Action" name="Successful Quick Registration" time="12.106553">
<system-out><![CDATA[Given Access My Learning Coach Website......................................passed
When User select a Subject..................................................passed
And User enters email and password..........................................passed
Then User will redirect to Registration Notification Slide..................passed
]]></system-out>
</testcase>
<testcase classname="Student Full Registration Action" name="First Name Field is Required" time="22.172559">
<system-out><![CDATA[Given Access My Learning Coach..............................................passed
When Click Sign Up Menu.....................................................passed
When User click Join Now Button.............................................passed
Then SR: Error Message First Name is required is displayed..................passed
Then Quit Browser...........................................................passed
]]></system-out>
</testcase>
<testcase classname="Student Full Registration Action" name="Last Name Field is Required" time="16.917455">
<system-out><![CDATA[Given Access My Learning Coach..............................................passed
When Click Sign Up Menu.....................................................passed
When User click Join Now Button.............................................passed
Then SR: Error Message Last Name is required is displayed...................passed
Then Quit Browser...........................................................passed
]]></system-out>
</testcase>
<testcase classname="Student Full Registration Action" name="Birthdate Field is Required" time="16.972219">
<system-out><![CDATA[Given Access My Learning Coach..............................................passed
When Click Sign Up Menu.....................................................passed
When User click Join Now Button.............................................passed
Then SR: Error Message Invalid Birthdate is displayed.......................passed
Then Quit Browser...........................................................passed
]]></system-out>
</testcase>
<testcase classname="Student Full Registration Action" name="Gender Field is Required" time="17.230853">
<system-out><![CDATA[Given Access My Learning Coach..............................................passed
When Click Sign Up Menu.....................................................passed
When User click Join Now Button.............................................passed
Then SR: Error Message Gender is required is displayed......................passed
Then Quit Browser...........................................................passed
]]></system-out>
</testcase>
<testcase classname="Student Full Registration Action" name="Contact Number Field is Required" time="17.335829">
<system-out><![CDATA[Given Access My Learning Coach..............................................passed
When Click Sign Up Menu.....................................................passed
When User click Join Now Button.............................................passed
Then SR: Error Message Contact Number is required is displayed..............passed
Then Quit Browser...........................................................passed
]]></system-out>
</testcase>
<testcase classname="Student Full Registration Action" name="Skype ID Field is Required" time="16.84651">
<system-out><![CDATA[Given Access My Learning Coach..............................................passed
When Click Sign Up Menu.....................................................passed
When User click Join Now Button.............................................passed
Then SR: Error Message Skype ID is required is displayed....................passed
Then Quit Browser...........................................................passed
]]></system-out>
</testcase>
<testcase classname="Student Full Registration Action" name="Address Field is Required" time="17.076596">
<system-out><![CDATA[Given Access My Learning Coach..............................................passed
When Click Sign Up Menu.....................................................passed
When User click Join Now Button.............................................passed
Then SR: Error Message Address is required is displayed.....................passed
Then Quit Browser...........................................................passed
]]></system-out>
</testcase>
<testcase classname="Student Full Registration Action" name="Country Field is Required" time="16.967984">
<system-out><![CDATA[Given Access My Learning Coach..............................................passed
When Click Sign Up Menu.....................................................passed
When User click Join Now Button.............................................passed
Then SR: Error Message Country is required is displayed.....................passed
Then Quit Browser...........................................................passed
]]></system-out>
</testcase>
<testcase classname="Student Full Registration Action" name="Zip Code Field is Required" time="16.660091">
<system-out><![CDATA[Given Access My Learning Coach..............................................passed
When Click Sign Up Menu.....................................................passed
When User click Join Now Button.............................................passed
Then SR: Error Message ZIP Code is required is displayed....................passed
Then Quit Browser...........................................................passed
]]></system-out>
</testcase>
<testcase classname="Student Full Registration Action" name="Email Field is Required" time="17.427486">
<system-out><![CDATA[Given Access My Learning Coach..............................................passed
When Click Sign Up Menu.....................................................passed
When User click Join Now Button.............................................passed
Then SR: Error Message Email is required is displayed.......................passed
Then Quit Browser...........................................................passed
]]></system-out>
</testcase>
<testcase classname="Student Full Registration Action" name="Password Field is Required" time="17.292625">
<failure message="java.lang.Exception: Test Condition Failed&#13;&#10;&#9;at stepDefinition.RegistrationsSteps.error_message_password_required(RegistrationsSteps.java:458)&#13;&#10;&#9;at ✽.Then SR: Error Message Password is required is displayed(Student_Registration.feature:77)&#13;&#10;"><![CDATA[Given Access My Learning Coach..............................................passed
When Click Sign Up Menu.....................................................passed
When User click Join Now Button.............................................passed
Then SR: Error Message Password is required is displayed....................failed
Then Quit Browser...........................................................skipped

StackTrace:
java.lang.Exception: Test Condition Failed
	at stepDefinition.RegistrationsSteps.error_message_password_required(RegistrationsSteps.java:458)
	at ✽.Then SR: Error Message Password is required is displayed(Student_Registration.feature:77)
]]></failure>
</testcase>
<testcase classname="Student Full Registration Action" name="Confirm Password Field is Required" time="16.949231">
<system-out><![CDATA[Given Access My Learning Coach..............................................passed
When Click Sign Up Menu.....................................................passed
When User click Join Now Button.............................................passed
Then SR: Error Message Password Confirmation is required is displayed.......passed
Then Quit Browser...........................................................passed
]]></system-out>
</testcase>
<testcase classname="Student Full Registration Action" name="Level Field is Required" time="17.342284">
<system-out><![CDATA[Given Access My Learning Coach..............................................passed
When Click Sign Up Menu.....................................................passed
When User click Join Now Button.............................................passed
Then SR: Error Message Level is required is displayed.......................passed
Then Quit Browser...........................................................passed
]]></system-out>
</testcase>
<testcase classname="Student Full Registration Action" name="First Name field only accept Alphabet Characters" time="17.280653">
<system-out><![CDATA[Given Access My Learning Coach..............................................passed
When Click Sign Up Menu.....................................................passed
When User input First Name Special and Numeric Characters...................passed
When User click Join Now Button.............................................passed
Then SR: FirstName Error Message Invalid Name is displayed..................passed
Then Quit Browser...........................................................passed
]]></system-out>
</testcase>
<testcase classname="Student Full Registration Action" name="Last Name field only accept Alphabet Characters" time="17.462603">
<system-out><![CDATA[Given Access My Learning Coach..............................................passed
When Click Sign Up Menu.....................................................passed
When User input Last Name Special and Numeric Characters....................passed
When User click Join Now Button.............................................passed
Then SR: LastName Error Message Invalid Name is displayed...................passed
Then Quit Browser...........................................................passed
]]></system-out>
</testcase>
<testcase classname="Student Full Registration Action" name="Birthdate Cannot be equal to the Current Date" time="18.218121">
<system-out><![CDATA[Given Access My Learning Coach..............................................passed
When Click Sign Up Menu.....................................................passed
When User select birthdate equal to the current date........................passed
When User click Join Now Button.............................................passed
Then SR: Birthdate Error Message is displayed...............................passed
Then Quit Browser...........................................................passed
]]></system-out>
</testcase>
<testcase classname="Student Full Registration Action" name="Birthdate Cannot be greater than the Current Date" time="18.584843">
<system-out><![CDATA[Given Access My Learning Coach..............................................passed
When Click Sign Up Menu.....................................................passed
When User select birthdate greater than the current date....................passed
When User click Join Now Button.............................................passed
Then SR: Birthdate Error Message is displayed...............................passed
Then Quit Browser...........................................................passed
]]></system-out>
</testcase>
<testcase classname="Student Full Registration Action" name="Non-Leap Year Birhtdate" time="18.602013">
<system-out><![CDATA[Given Access My Learning Coach..............................................passed
When Click Sign Up Menu.....................................................passed
When User select a non leap year birthdate..................................passed
When User click Join Now Button.............................................passed
Then SR: Birthdate Validation Message is displayed..........................passed
Then Quit Browser...........................................................passed
]]></system-out>
</testcase>
<testcase classname="Student Full Registration Action" name="Mobile Number field only accept Numeric Characters" time="18.033689">
<system-out><![CDATA[Given Access My Learning Coach..............................................passed
When Click Sign Up Menu.....................................................passed
When User input Latin or Special Characters as Mobile Number................passed
When User click Join Now Button.............................................passed
Then SR: Mobile Number Format Error Message is displayed....................passed
Then Quit Browser...........................................................passed
]]></system-out>
</testcase>
<testcase classname="Student Full Registration Action" name="Email field only accept Valid Format" time="17.848376">
<system-out><![CDATA[Given Access My Learning Coach..............................................passed
When Click Sign Up Menu.....................................................passed
When User input Email Invalid Format........................................passed
When User click Join Now Button.............................................passed
Then SR: Email Format Error Message is displayed............................passed
Then Quit Browser...........................................................passed
]]></system-out>
</testcase>
<testcase classname="Student Full Registration Action" name="Email is unique" time="17.561227">
<system-out><![CDATA[Given Access My Learning Coach..............................................passed
When Click Sign Up Menu.....................................................passed
When User input existing Email..............................................passed
When User click Join Now Button.............................................passed
Then SR: Existing Email Error Message is displayed..........................passed
Then Quit Browser...........................................................passed
]]></system-out>
</testcase>
<testcase classname="Student Full Registration Action" name="Password and Confirm Password should be matched" time="17.800017">
<system-out><![CDATA[Given Access My Learning Coach..............................................passed
When Click Sign Up Menu.....................................................passed
When User input differenet Password and Confirm Password....................passed
When User click Join Now Button.............................................passed
Then SR: Password Unmatched Error Message is displayed......................passed
Then Quit Browser...........................................................passed
]]></system-out>
</testcase>
<testcase classname="Student Full Registration Action" name="Password should contain alphanumeric and special character" time="17.36608">
<system-out><![CDATA[Given Access My Learning Coach..............................................passed
When Click Sign Up Menu.....................................................passed
When User input invalid password character..................................passed
When User click Join Now Button.............................................passed
Then SR: Invalid Password Error Message is displayed........................passed
Then Quit Browser...........................................................passed
]]></system-out>
</testcase>
<testcase classname="Student Full Registration Action" name="Password must be 8-20 characters" time="17.636095">
<system-out><![CDATA[Given Access My Learning Coach..............................................passed
When Click Sign Up Menu.....................................................passed
When User input less than 8 character Password..............................passed
When User click Join Now Button.............................................passed
Then SR: Password Length Error Message is displayed.........................passed
Then Quit Browser...........................................................passed
]]></system-out>
</testcase>
<testcase classname="Student Full Registration Action" name="Guardian Email Field is Required" time="18.306863">
<system-out><![CDATA[Given Access My Learning Coach..............................................passed
When Click Sign Up Menu.....................................................passed
When Select Student Birthdate less than 18 years old........................passed
When User click Join Now Button.............................................passed
Then SR: Error Message Guardian Email is required is displayed..............passed
Then Quit Browser...........................................................passed
]]></system-out>
</testcase>
<testcase classname="Student Full Registration Action" name="Guardian First Name Field is Required" time="18.632511">
<failure message="java.lang.Exception: Test Condition Failed&#13;&#10;&#9;at stepDefinition.RegistrationsSteps.error_message_guardian_firstname_required(RegistrationsSteps.java:647)&#13;&#10;&#9;at ✽.Then SR: Error Message Guardian First Name is required is displayed(Student_Registration.feature:195)&#13;&#10;"><![CDATA[Given Access My Learning Coach..............................................passed
When Click Sign Up Menu.....................................................passed
When Select Student Birthdate less than 18 years old........................passed
When User click Join Now Button.............................................passed
Then SR: Error Message Guardian First Name is required is displayed.........failed
Then Quit Browser...........................................................skipped

StackTrace:
java.lang.Exception: Test Condition Failed
	at stepDefinition.RegistrationsSteps.error_message_guardian_firstname_required(RegistrationsSteps.java:647)
	at ✽.Then SR: Error Message Guardian First Name is required is displayed(Student_Registration.feature:195)
]]></failure>
</testcase>
<testcase classname="Student Full Registration Action" name="Guardian Last Name Field is Required" time="18.31221">
<system-out><![CDATA[Given Access My Learning Coach..............................................passed
When Click Sign Up Menu.....................................................passed
When Select Student Birthdate less than 18 years old........................passed
When User click Join Now Button.............................................passed
Then SR: Error Message Guardian Last Name is required is displayed..........passed
Then Quit Browser...........................................................passed
]]></system-out>
</testcase>
<testcase classname="Student Full Registration Action" name="Guardian Birthdate Field is Required" time="18.403515">
<system-out><![CDATA[Given Access My Learning Coach..............................................passed
When Click Sign Up Menu.....................................................passed
When Select Student Birthdate less than 18 years old........................passed
When User click Join Now Button.............................................passed
Then SR: Error Message Guardian Birthdate is required is displayed..........passed
Then Quit Browser...........................................................passed
]]></system-out>
</testcase>
<testcase classname="Student Full Registration Action" name="Guardian Gender Field is Required" time="18.31753">
<system-out><![CDATA[Given Access My Learning Coach..............................................passed
When Click Sign Up Menu.....................................................passed
When Select Student Birthdate less than 18 years old........................passed
When User click Join Now Button.............................................passed
Then SR: Error Message Guardian Gender is required is displayed.............passed
Then Quit Browser...........................................................passed
]]></system-out>
</testcase>
<testcase classname="Student Full Registration Action" name="Guardian Email field only accept Valid Format" time="18.862924">
<system-out><![CDATA[Given Access My Learning Coach..............................................passed
When Click Sign Up Menu.....................................................passed
When Select Student Birthdate less than 18 years old........................passed
When User input Guardian Email using Invalid Format.........................passed
When User click Join Now Button.............................................passed
Then SR: Guardian Email Format Error Message is displayed...................passed
Then Quit Browser...........................................................passed
]]></system-out>
</testcase>
<testcase classname="Student Full Registration Action" name="Guardian First Name Field only accept Alphabet Characters" time="19.319436">
<system-out><![CDATA[Given Access My Learning Coach..............................................passed
When Click Sign Up Menu.....................................................passed
When Select Student Birthdate less than 18 years old........................passed
When User input Guardian First Name with Special and Numeric Characters.....passed
When User click Join Now Button.............................................passed
Then SR: Error Message Guardian First Name is invalid.......................passed
Then Quit Browser...........................................................passed
]]></system-out>
</testcase>
<testcase classname="Student Full Registration Action" name="Guardian Last Name Field only accept Alphabet Characters" time="18.792746">
<system-out><![CDATA[Given Access My Learning Coach..............................................passed
When Click Sign Up Menu.....................................................passed
When Select Student Birthdate less than 18 years old........................passed
When User input Guardian Last Name with Special and Numeric Characters......passed
When User click Join Now Button.............................................passed
Then SR: Error Message Guardian Last Name is invalid........................passed
Then Quit Browser...........................................................passed
]]></system-out>
</testcase>
<testcase classname="Student Full Registration Action" name="Non-Leap Year Guardian Birhtdate" time="19.938935">
<system-out><![CDATA[Given Access My Learning Coach..............................................passed
When Click Sign Up Menu.....................................................passed
When Select Student Birthdate less than 18 years old........................passed
When User select a non leap year for guardian birthdate.....................passed
When User click Join Now Button.............................................passed
Then SR: Guardian Birthdate Validation Message is displayed.................passed
Then Quit Browser...........................................................passed
]]></system-out>
</testcase>
<testcase classname="Student Full Registration Action" name="Guardian must be at least 18 years old" time="20.211801">
<system-out><![CDATA[Given Access My Learning Coach..............................................passed
When Click Sign Up Menu.....................................................passed
When Select Student Birthdate less than 18 years old........................passed
When User select Guardian Birthdate less than 18 years old..................passed
When User click Join Now Button.............................................passed
Then SR: Error Message Guardian must be at least 18years old is displayed...passed
Then Quit Browser...........................................................passed
]]></system-out>
</testcase>
<testcase classname="Student Full Registration Action" name="Guardian Birthdate Cannot be equal to the Current Date" time="19.661416">
<system-out><![CDATA[Given Access My Learning Coach..............................................passed
When Click Sign Up Menu.....................................................passed
When Select Student Birthdate less than 18 years old........................passed
When User select Guardian birthdate equal to the current date...............passed
When User click Join Now Button.............................................passed
Then SR: Guardian Birthdate Error Message is displayed......................passed
Then Quit Browser...........................................................passed
]]></system-out>
</testcase>
<testcase classname="Student Full Registration Action" name="Guardian Birthdate Cannot be greater than the Current Date" time="19.750549">
<system-out><![CDATA[Given Access My Learning Coach..............................................passed
When Click Sign Up Menu.....................................................passed
When Select Student Birthdate less than 18 years old........................passed
When User select Guardian birthdate greater than the current date...........passed
When User click Join Now Button.............................................passed
Then SR: Guardian Birthdate Error Message is displayed......................passed
Then Quit Browser...........................................................passed
]]></system-out>
</testcase>
<testcase classname="Student Full Registration Action" name="Successful Student Registration" time="25.37538">
<system-out><![CDATA[Given Access My Learning Coach..............................................passed
When Click Sign Up Menu.....................................................passed
When Input all Valid Student Information....................................passed
When User click Join Now Button.............................................passed
Then Page will redirect to Thank You page...................................passed
Then Quit Browser...........................................................passed
]]></system-out>
</testcase>
<testcase classname="Tutor Registration Action" name="When Im a tutor link is clicked, it will redirect to Tutor Registration Form" time="14.040975">
<system-out><![CDATA[Given Access My Learning Coach..............................................passed
When Click Sign Up Menu.....................................................passed
When Click Im a Tutor Link..................................................passed
Then Page should redirected to Tutor Registration Form......................passed
Then Quit Browser...........................................................passed
]]></system-out>
</testcase>
<testcase classname="Tutor Registration Action" name="First Name Field is Required" time="24.436748">
<system-out><![CDATA[Given Access My Learning Coach..............................................passed
When Click Sign Up Menu.....................................................passed
When Click Im a Tutor Link..................................................passed
When User click Continue Now Button.........................................passed
Then TR: Error Message First Name is required is displayed..................passed
Then Quit Browser...........................................................passed
]]></system-out>
</testcase>
<testcase classname="Tutor Registration Action" name="Last Name Field is Required" time="19.575238">
<system-out><![CDATA[Given Access My Learning Coach..............................................passed
When Click Sign Up Menu.....................................................passed
When Click Im a Tutor Link..................................................passed
When User click Continue Now Button.........................................passed
Then TR: Error Message Last Name is required is displayed...................passed
Then Quit Browser...........................................................passed
]]></system-out>
</testcase>
<testcase classname="Tutor Registration Action" name="Birthdate Field is Required" time="19.744905">
<system-out><![CDATA[Given Access My Learning Coach..............................................passed
When Click Sign Up Menu.....................................................passed
When Click Im a Tutor Link..................................................passed
When User click Continue Now Button.........................................passed
Then TR: Error Message Invalid Birthdate is displayed.......................passed
Then Quit Browser...........................................................passed
]]></system-out>
</testcase>
<testcase classname="Tutor Registration Action" name="Gender Field is Required" time="19.760281">
<system-out><![CDATA[Given Access My Learning Coach..............................................passed
When Click Sign Up Menu.....................................................passed
When Click Im a Tutor Link..................................................passed
When User click Continue Now Button.........................................passed
Then TR: Error Message Gender is required is displayed......................passed
Then Quit Browser...........................................................passed
]]></system-out>
</testcase>
<testcase classname="Tutor Registration Action" name="Address Field is Required" time="19.568695">
<system-out><![CDATA[Given Access My Learning Coach..............................................passed
When Click Sign Up Menu.....................................................passed
When Click Im a Tutor Link..................................................passed
When User click Continue Now Button.........................................passed
Then TR: Error Message Address is required is displayed.....................passed
Then Quit Browser...........................................................passed
]]></system-out>
</testcase>
<testcase classname="Tutor Registration Action" name="Country Field is Required" time="19.076606">
<system-out><![CDATA[Given Access My Learning Coach..............................................passed
When Click Sign Up Menu.....................................................passed
When Click Im a Tutor Link..................................................passed
When User click Continue Now Button.........................................passed
Then TR: Error Message Country is required is displayed.....................passed
Then Quit Browser...........................................................passed
]]></system-out>
</testcase>
<testcase classname="Tutor Registration Action" name="Zip Code Field is Required" time="19.374366">
<system-out><![CDATA[Given Access My Learning Coach..............................................passed
When Click Sign Up Menu.....................................................passed
When Click Im a Tutor Link..................................................passed
When User click Continue Now Button.........................................passed
Then TR: Error Message ZIP Code is required is displayed....................passed
Then Quit Browser...........................................................passed
]]></system-out>
</testcase>
<testcase classname="Tutor Registration Action" name="Email Field is Required" time="19.36138">
<system-out><![CDATA[Given Access My Learning Coach..............................................passed
When Click Sign Up Menu.....................................................passed
When Click Im a Tutor Link..................................................passed
When User click Continue Now Button.........................................passed
Then TR: Error Message Email is required is displayed.......................passed
Then Quit Browser...........................................................passed
]]></system-out>
</testcase>
<testcase classname="Tutor Registration Action" name="Password Field is Required" time="19.182186">
<failure message="java.lang.Exception: Test Condition Failed&#13;&#10;&#9;at stepDefinition.RegistrationsSteps.error_message_tpassword_required(RegistrationsSteps.java:1862)&#13;&#10;&#9;at ✽.Then TR: Error Message Password is required is displayed(Tutor_Registration.feature:79)&#13;&#10;"><![CDATA[Given Access My Learning Coach..............................................passed
When Click Sign Up Menu.....................................................passed
When Click Im a Tutor Link..................................................passed
When User click Continue Now Button.........................................passed
Then TR: Error Message Password is required is displayed....................failed
Then Quit Browser...........................................................skipped

StackTrace:
java.lang.Exception: Test Condition Failed
	at stepDefinition.RegistrationsSteps.error_message_tpassword_required(RegistrationsSteps.java:1862)
	at ✽.Then TR: Error Message Password is required is displayed(Tutor_Registration.feature:79)
]]></failure>
</testcase>
<testcase classname="Tutor Registration Action" name="Confirm Password Field is Required" time="20.186711">
<system-out><![CDATA[Given Access My Learning Coach..............................................passed
When Click Sign Up Menu.....................................................passed
When Click Im a Tutor Link..................................................passed
When User click Continue Now Button.........................................passed
Then TR: Error Message Password Confirmation is required is displayed.......passed
Then Quit Browser...........................................................passed
]]></system-out>
</testcase>
<testcase classname="Tutor Registration Action" name="About Me Field is Required" time="19.764193">
<system-out><![CDATA[Given Access My Learning Coach..............................................passed
When Click Sign Up Menu.....................................................passed
When Click Im a Tutor Link..................................................passed
When User click Continue Now Button.........................................passed
Then TR: Error Message About Me is required is displayed....................passed
Then Quit Browser...........................................................passed
]]></system-out>
</testcase>
<testcase classname="Tutor Registration Action" name="Contact Information Field is Required" time="19.90344">
<system-out><![CDATA[Given Access My Learning Coach..............................................passed
When Click Sign Up Menu.....................................................passed
When Click Im a Tutor Link..................................................passed
When User click Continue Now Button.........................................passed
Then TR: Error Message Contact Information is required is displayed.........passed
Then Quit Browser...........................................................passed
]]></system-out>
</testcase>
<testcase classname="Tutor Registration Action" name="Skype Account is Required" time="20.25169">
<failure message="java.lang.Exception: Test Condition Failed&#13;&#10;&#9;at stepDefinition.RegistrationsSteps.error_message_skypeacct_required(RegistrationsSteps.java:2084)&#13;&#10;&#9;at ✽.Then TR: Error Message Skype Account is required is displayed(Tutor_Registration.feature:111)&#13;&#10;"><![CDATA[Given Access My Learning Coach..............................................passed
When Click Sign Up Menu.....................................................passed
When Click Im a Tutor Link..................................................passed
When User click Continue Now Button.........................................passed
Then TR: Error Message Skype Account is required is displayed...............failed
Then Quit Browser...........................................................skipped

StackTrace:
java.lang.Exception: Test Condition Failed
	at stepDefinition.RegistrationsSteps.error_message_skypeacct_required(RegistrationsSteps.java:2084)
	at ✽.Then TR: Error Message Skype Account is required is displayed(Tutor_Registration.feature:111)
]]></failure>
</testcase>
<testcase classname="Tutor Registration Action" name="Educational Background Field is Required" time="20.081648">
<system-out><![CDATA[Given Access My Learning Coach..............................................passed
When Click Sign Up Menu.....................................................passed
When Click Im a Tutor Link..................................................passed
When User click Continue Now Button.........................................passed
Then TR: Error Message Educational Background is required is displayed......passed
Then Quit Browser...........................................................passed
]]></system-out>
</testcase>
<testcase classname="Tutor Registration Action" name="Work Experience Field is Required" time="22.799692">
<system-out><![CDATA[Given Access My Learning Coach..............................................passed
When Click Sign Up Menu.....................................................passed
When Click Im a Tutor Link..................................................passed
When User click Continue Now Button.........................................passed
Then TR: Error Message Work Experience is required is displayed.............passed
Then Quit Browser...........................................................passed
]]></system-out>
</testcase>
<testcase classname="Tutor Registration Action" name="Documents Field is Required" time="19.91049">
<system-out><![CDATA[Given Access My Learning Coach..............................................passed
When Click Sign Up Menu.....................................................passed
When Click Im a Tutor Link..................................................passed
When User click Continue Now Button.........................................passed
Then TR: Error Message Documents is required is displayed...................passed
Then Quit Browser...........................................................passed
]]></system-out>
</testcase>
<testcase classname="Tutor Registration Action" name="Subject Matter Expertise Field is Required" time="19.581536">
<system-out><![CDATA[Given Access My Learning Coach..............................................passed
When Click Sign Up Menu.....................................................passed
When Click Im a Tutor Link..................................................passed
When User click Continue Now Button.........................................passed
Then TR: Error Message Subject Matter is required is displayed..............passed
Then Quit Browser...........................................................passed
]]></system-out>
</testcase>
<testcase classname="Tutor Registration Action" name="Level Field is Required" time="19.298579">
<system-out><![CDATA[Given Access My Learning Coach..............................................passed
When Click Sign Up Menu.....................................................passed
When Click Im a Tutor Link..................................................passed
When User click Continue Now Button.........................................passed
Then TR: Error Message Level is required is displayed.......................passed
Then Quit Browser...........................................................passed
]]></system-out>
</testcase>
<testcase classname="Tutor Registration Action" name="Rate Field is Required" time="20.434403">
<system-out><![CDATA[Given Access My Learning Coach..............................................passed
When Click Sign Up Menu.....................................................passed
When Click Im a Tutor Link..................................................passed
When User click Continue Now Button.........................................passed
Then TR: Error Message Rate is required is displayed........................passed
Then Quit Browser...........................................................passed
]]></system-out>
</testcase>
<testcase classname="Tutor Registration Action" name="First Name field only accept Alphabet Characters" time="20.205496">
<system-out><![CDATA[Given Access My Learning Coach..............................................passed
When Click Sign Up Menu.....................................................passed
When Click Im a Tutor Link..................................................passed
When TR: User input First Name Special and Numeric Characters...............passed
When User click Continue Now Button.........................................passed
Then TR: First Name Error Message Invalid Name is displayed.................passed
Then Quit Browser...........................................................passed
]]></system-out>
</testcase>
<testcase classname="Tutor Registration Action" name="Last Name field only accept Alphabet Characters" time="20.407552">
<system-out><![CDATA[Given Access My Learning Coach..............................................passed
When Click Sign Up Menu.....................................................passed
When Click Im a Tutor Link..................................................passed
When TR: User input Last Name Special and Numeric Characters................passed
When User click Continue Now Button.........................................passed
Then TR: Last Name Error Message Invalid Name is displayed..................passed
Then Quit Browser...........................................................passed
]]></system-out>
</testcase>
<testcase classname="Tutor Registration Action" name="Birthdate Cannot be equal to the Current Date" time="20.873262">
<system-out><![CDATA[Given Access My Learning Coach..............................................passed
When Click Sign Up Menu.....................................................passed
When Click Im a Tutor Link..................................................passed
When User select birthdate equal to the current date........................passed
When User click Continue Now Button.........................................passed
Then TR: Birthdate Error Message is displayed...............................passed
Then Quit Browser...........................................................passed
]]></system-out>
</testcase>
<testcase classname="Tutor Registration Action" name="Birthdate Cannot be greater than the Current Date" time="21.277845">
<system-out><![CDATA[Given Access My Learning Coach..............................................passed
When Click Sign Up Menu.....................................................passed
When Click Im a Tutor Link..................................................passed
When User select birthdate greater than the current date....................passed
When User click Continue Now Button.........................................passed
Then TR: Birthdate Error Message is displayed...............................passed
Then Quit Browser...........................................................passed
]]></system-out>
</testcase>
<testcase classname="Tutor Registration Action" name="Non-Leap Year Birhtdate" time="30.836077">
<system-out><![CDATA[Given Access My Learning Coach..............................................passed
When Click Sign Up Menu.....................................................passed
When Click Im a Tutor Link..................................................passed
When User select a non leap year birthdate..................................passed
When User click Continue Now Button.........................................passed
Then SR: Birthdate Validation Message is displayed..........................passed
Then Quit Browser...........................................................passed
]]></system-out>
</testcase>
<testcase classname="Tutor Registration Action" name="Email field only accept Valid Format" time="20.250362">
<system-out><![CDATA[Given Access My Learning Coach..............................................passed
When Click Sign Up Menu.....................................................passed
When Click Im a Tutor Link..................................................passed
When User input Email Invalid Format........................................passed
When User click Continue Now Button.........................................passed
Then TR: Email Format Error Message is displayed............................passed
Then Quit Browser...........................................................passed
]]></system-out>
</testcase>
<testcase classname="Tutor Registration Action" name="Email should be unique" time="20.286277">
<system-out><![CDATA[Given Access My Learning Coach..............................................passed
When Click Sign Up Menu.....................................................passed
When Click Im a Tutor Link..................................................passed
When User input existing Email..............................................passed
When User click Continue Now Button.........................................passed
Then TR: Existing Email Error Message is displayed..........................passed
Then Quit Browser...........................................................passed
]]></system-out>
</testcase>
<testcase classname="Tutor Registration Action" name="Password and Confirm Password should be matched" time="30.278021">
<system-out><![CDATA[Given Access My Learning Coach..............................................passed
When Click Sign Up Menu.....................................................passed
When Click Im a Tutor Link..................................................passed
When User input differenet Password and Confirm Password....................passed
When User click Continue Now Button.........................................passed
Then TR: Password Unmatched Error Message is displayed......................passed
Then Quit Browser...........................................................passed
]]></system-out>
</testcase>
<testcase classname="Tutor Registration Action" name="Password should contain alphanumeric and special character" time="20.773092">
<system-out><![CDATA[Given Access My Learning Coach..............................................passed
When Click Sign Up Menu.....................................................passed
When Click Im a Tutor Link..................................................passed
When User input invalid password character..................................passed
When User click Continue Now Button.........................................passed
Then TR: Invalid Password Error Message is displayed........................passed
Then Quit Browser...........................................................passed
]]></system-out>
</testcase>
<testcase classname="Tutor Registration Action" name="Password must be 8-20 characters" time="20.466033">
<system-out><![CDATA[Given Access My Learning Coach..............................................passed
When Click Sign Up Menu.....................................................passed
When Click Im a Tutor Link..................................................passed
When User input less than 8 character Password..............................passed
When User click Continue Now Button.........................................passed
Then TR: Password Length Error Message is displayed.........................passed
Then Quit Browser...........................................................passed
]]></system-out>
</testcase>
<testcase classname="Tutor Registration Action" name="Contact Type is Required" time="20.21146">
<system-out><![CDATA[Given Access My Learning Coach..............................................passed
When Click Sign Up Menu.....................................................passed
When Click Im a Tutor Link..................................................passed
When User input valid Contact Number........................................passed
When User click Continue Now Button.........................................passed
Then TR: Contact Type Error Message is displayed............................passed
Then Quit Browser...........................................................passed
]]></system-out>
</testcase>
<testcase classname="Tutor Registration Action" name="Contact Information Field only accept Numeric Characters" time="21.417213">
<system-out><![CDATA[Given Access My Learning Coach..............................................passed
When Click Sign Up Menu.....................................................passed
When Click Im a Tutor Link..................................................passed
When User input invalid Contact Number......................................passed
When User click Continue Now Button.........................................passed
Then TR: Invalid Contact Number Error Message is displayed..................passed
Then Quit Browser...........................................................passed
]]></system-out>
</testcase>
<testcase classname="Tutor Registration Action" name="New Contact Number field is diplayed upon clicking the Add Link" time="14.903632">
<system-out><![CDATA[Given Access My Learning Coach..............................................passed
When Click Sign Up Menu.....................................................passed
When Click Im a Tutor Link..................................................passed
When Click Contact Information Add Button...................................passed
Then Additional Contact Information field is displayed......................passed
Then Quit Browser...........................................................passed
]]></system-out>
</testcase>
<testcase classname="Tutor Registration Action" name="Additional Contact Number field will be removed upon clicking the X Button" time="24.681662">
<system-out><![CDATA[Given Access My Learning Coach..............................................passed
When Click Sign Up Menu.....................................................passed
When Click Im a Tutor Link..................................................passed
When Click Contact Information Add Button...................................passed
When Remove Additional Information..........................................passed
Then Additional Contact Information field will be removed...................passed
Then Quit Browser...........................................................passed
]]></system-out>
</testcase>
<testcase classname="Tutor Registration Action" name="New Social Media Account field is diplayed upon clicking the Add Link" time="14.690339">
<system-out><![CDATA[Given Access My Learning Coach..............................................passed
When Click Sign Up Menu.....................................................passed
When Click Im a Tutor Link..................................................passed
When Click Social Media Account Add Button..................................passed
Then Additional Social Media Account field is displayed.....................passed
Then Quit Browser...........................................................passed
]]></system-out>
</testcase>
<testcase classname="Tutor Registration Action" name="Additional Social Media Account field will be removed upon clicking the X Button" time="24.66264">
<system-out><![CDATA[Given Access My Learning Coach..............................................passed
When Click Sign Up Menu.....................................................passed
When Click Im a Tutor Link..................................................passed
When Click Social Media Account Add Button..................................passed
When Remove Additional Information..........................................passed
Then Additional Social Media Account field will be removed..................passed
Then Quit Browser...........................................................passed
]]></system-out>
</testcase>
<testcase classname="Tutor Registration Action" name="New Educational Background field is diplayed upon clicking the Add Link" time="14.438019">
<system-out><![CDATA[Given Access My Learning Coach..............................................passed
When Click Sign Up Menu.....................................................passed
When Click Im a Tutor Link..................................................passed
When Click Educational Background Add Button................................passed
Then Additional Educational Background field is displayed...................passed
Then Quit Browser...........................................................passed
]]></system-out>
</testcase>
<testcase classname="Tutor Registration Action" name="Additional Educational Background field will be removed upon clicking the X Button" time="24.704157">
<system-out><![CDATA[Given Access My Learning Coach..............................................passed
When Click Sign Up Menu.....................................................passed
When Click Im a Tutor Link..................................................passed
When Click Educational Background Add Button................................passed
When Remove Additional Information..........................................passed
Then Additional Educational Background field will be removed................passed
Then Quit Browser...........................................................passed
]]></system-out>
</testcase>
<testcase classname="Tutor Registration Action" name="New Work Experiences field is diplayed upon clicking the Add Link" time="14.172105">
<system-out><![CDATA[Given Access My Learning Coach..............................................passed
When Click Sign Up Menu.....................................................passed
When Click Im a Tutor Link..................................................passed
When Click Work Experiences Add Button......................................passed
Then Additional Work Experiences field is displayed.........................passed
Then Quit Browser...........................................................passed
]]></system-out>
</testcase>
<testcase classname="Tutor Registration Action" name="Additional Work Experiences field will be removed upon clicking the X Button" time="24.559618">
<system-out><![CDATA[Given Access My Learning Coach..............................................passed
When Click Sign Up Menu.....................................................passed
When Click Im a Tutor Link..................................................passed
When Click Work Experiences Add Button......................................passed
When Remove Additional Information..........................................passed
Then Additional Work Experiences field will be removed......................passed
Then Quit Browser...........................................................passed
]]></system-out>
</testcase>
<testcase classname="Tutor Registration Action" name="New Documents field is diplayed upon clicking the Add Link" time="14.684511">
<system-out><![CDATA[Given Access My Learning Coach..............................................passed
When Click Sign Up Menu.....................................................passed
When Click Im a Tutor Link..................................................passed
When Click Documents Add Button.............................................passed
Then Additional Documents field is displayed................................passed
Then Quit Browser...........................................................passed
]]></system-out>
</testcase>
<testcase classname="Tutor Registration Action" name="Additional Documents field will be removed upon clicking the X Button" time="25.135977">
<system-out><![CDATA[Given Access My Learning Coach..............................................passed
When Click Sign Up Menu.....................................................passed
When Click Im a Tutor Link..................................................passed
When Click Documents Add Button.............................................passed
When Remove Additional Documents............................................passed
Then Additional Documents field will be removed.............................passed
Then Quit Browser...........................................................passed
]]></system-out>
</testcase>
<testcase classname="Tutor Registration Action" name="Documents should accepts the any file format execpt .exe file." time="14.322515">
<system-out><![CDATA[Given Access My Learning Coach..............................................passed
When Click Sign Up Menu.....................................................passed
When Click Im a Tutor Link..................................................passed
Then Quit Browser...........................................................passed
]]></system-out>
</testcase>
<testcase classname="Tutor Registration Action" name="Maximum Document file size is only upto 5MB" time="13.911277">
<system-out><![CDATA[Given Access My Learning Coach..............................................passed
When Click Sign Up Menu.....................................................passed
When Click Im a Tutor Link..................................................passed
Then Quit Browser...........................................................passed
]]></system-out>
</testcase>
<testcase classname="Tutor Registration Action" name="User will redirect to Schedule Page upon pressing the Continue Button, if all required fields are valid" time="13.897201">
<system-out><![CDATA[Given Access My Learning Coach..............................................passed
When Click Sign Up Menu.....................................................passed
When Click Im a Tutor Link..................................................passed
Then Quit Browser...........................................................passed
]]></system-out>
</testcase>
<testcase classname="Tutor Registration Action" name="Schedule is required" time="14.023695">
<system-out><![CDATA[Given Access My Learning Coach..............................................passed
When Click Sign Up Menu.....................................................passed
When Click Im a Tutor Link..................................................passed
Then Quit Browser...........................................................passed
]]></system-out>
</testcase>
<testcase classname="Tutor Registration Action" name="Selected Schedule will be added upon pressing the Add Button" time="14.244362">
<system-out><![CDATA[Given Access My Learning Coach..............................................passed
When Click Sign Up Menu.....................................................passed
When Click Im a Tutor Link..................................................passed
Then Quit Browser...........................................................passed
]]></system-out>
</testcase>
<testcase classname="Tutor Registration Action" name="Selected Schedule should be unique" time="14.164071">
<system-out><![CDATA[Given Access My Learning Coach..............................................passed
When Click Sign Up Menu.....................................................passed
When Click Im a Tutor Link..................................................passed
Then Quit Browser...........................................................passed
]]></system-out>
</testcase>
<testcase classname="Tutor Registration Action" name="User will redirect to Thank you pageupon clicking Join Now button, if all required fields are valid." time="14.002759">
<system-out><![CDATA[Given Access My Learning Coach..............................................passed
When Click Sign Up Menu.....................................................passed
When Click Im a Tutor Link..................................................passed
Then Quit Browser...........................................................passed
]]></system-out>
</testcase>
</testsuite>
